<?xml version="1.0" encoding="UTF-8"?>
<!-- Generated by org.testng.reporters.JUnitReportReporter -->
<testsuite name="com.sample.testng.RunnerSample" tests="1" time="0.272" ignored="0" failures="0" timestamp="08 Jul 2017 19:41:34 GMT" skipped="0" hostname="Admins-MacBook-Pro.local" errors="0">
  <testcase name="run_cukes" time="0.272" classname="com.sample.testng.RunnerSample"/>
</testsuite> <!-- com.sample.testng.RunnerSample -->
